SF:lib/data/models/email_filter_model.dart
DA:15,1
DA:16,1
LF:2
LH:2
end_of_record
SF:lib/data/models/email_filter_model.g.dart
DA:9,1
DA:11,1
DA:12,2
DA:13,2
DA:14,1
DA:15,2
DA:16,1
DA:18,1
DA:19,2
DA:20,1
DA:24,2
DA:26,2
DA:27,4
DA:28,4
DA:29,2
DA:30,2
LF:16
LH:16
end_of_record
SF:lib/data/models/progress_model.dart
DA:21,1
DA:22,1
DA:37,1
DA:38,1
LF:4
LH:4
end_of_record
SF:lib/data/models/progress_model.g.dart
DA:9,1
DA:10,1
DA:11,1
DA:12,2
DA:13,2
DA:14,2
DA:15,2
DA:16,2
DA:17,1
DA:19,2
DA:20,1
DA:21,1
DA:22,1
DA:23,1
DA:24,1
DA:27,0
DA:29,0
DA:30,0
DA:31,0
DA:32,0
DA:33,0
DA:34,0
DA:35,0
DA:36,0
DA:37,0
DA:38,0
DA:39,0
DA:50,1
DA:51,1
DA:52,1
DA:53,1
DA:54,2
DA:55,1
DA:56,2
DA:57,1
DA:58,1
DA:60,2
DA:63,0
DA:65,0
DA:66,0
DA:67,0
DA:68,0
DA:69,0
DA:70,0
DA:71,0
DA:72,0
LF:46
LH:25
end_of_record
SF:lib/data/models/auth_model.dart
DA:15,1
DA:16,1
LF:2
LH:2
end_of_record
SF:lib/data/models/auth_model.g.dart
DA:9,1
DA:10,1
DA:11,1
DA:12,1
DA:13,2
DA:14,1
DA:17,1
DA:18,1
DA:19,1
DA:20,1
DA:21,2
DA:22,1
LF:12
LH:12
end_of_record
SF:lib/data/models/article_model.dart
DA:19,1
DA:20,1
DA:36,1
DA:37,1
LF:4
LH:4
end_of_record
SF:lib/data/models/article_model.g.dart
DA:9,1
DA:10,1
DA:11,1
DA:12,1
DA:13,1
DA:14,1
DA:16,2
DA:17,1
DA:18,1
DA:19,1
DA:22,1
DA:23,1
DA:24,1
DA:25,1
DA:26,1
DA:27,1
DA:28,1
DA:29,1
DA:30,1
DA:31,1
DA:34,1
DA:36,1
DA:37,2
DA:38,2
DA:39,2
DA:40,1
DA:41,1
DA:42,1
DA:44,2
DA:45,4
DA:46,1
DA:49,1
DA:51,1
DA:52,2
DA:53,2
DA:54,1
DA:55,1
DA:56,1
DA:57,2
DA:58,1
DA:59,1
LF:41
LH:41
end_of_record
SF:lib/presentation/widgets/markdown_viewer.dart
DA:13,2
DA:20,1
DA:22,1
DA:23,1
DA:24,1
DA:25,2
DA:26,1
DA:27,1
DA:29,0
DA:34,1
DA:38,1
DA:39,1
DA:41,1
DA:42,2
DA:43,1
DA:45,1
DA:47,1
DA:48,1
DA:49,1
DA:50,1
DA:51,3
DA:56,1
DA:58,1
DA:59,1
DA:61,2
DA:64,1
DA:66,2
DA:76,2
DA:82,1
DA:83,1
DA:84,1
DA:86,0
DA:87,0
DA:88,0
DA:91,1
DA:92,1
DA:94,1
DA:95,1
DA:96,1
DA:97,1
DA:98,2
DA:100,1
DA:101,1
DA:104,1
DA:105,1
DA:106,1
DA:107,1
DA:108,1
DA:136,1
DA:137,2
DA:138,1
DA:139,2
DA:140,1
DA:141,1
DA:148,1
DA:150,2
DA:157,1
DA:161,2
DA:162,2
DA:163,1
DA:166,1
DA:168,1
DA:169,1
DA:170,1
LF:64
LH:60
end_of_record
SF:lib/data/services/api_service.dart
DA:7,0
DA:10,0
DA:11,0
DA:12,0
DA:15,0
DA:16,0
DA:17,0
DA:20,0
DA:21,0
DA:25,0
DA:26,0
DA:27,0
DA:30,0
DA:31,0
DA:32,0
DA:35,0
DA:36,0
DA:37,0
DA:40,0
DA:41,0
DA:42,0
DA:46,0
DA:47,0
DA:48,0
DA:51,0
DA:52,0
DA:53,0
DA:56,0
DA:57,0
DA:61,0
DA:67,0
DA:69,0
DA:70,0
DA:71,0
DA:72,0
DA:73,0
DA:76,0
DA:79,0
DA:80,0
DA:81,0
DA:84,0
DA:85,0
DA:86,0
DA:89,0
DA:90,0
DA:91,0
DA:94,0
DA:95,0
DA:98,0
DA:99,0
DA:100,0
LF:51
LH:0
end_of_record
SF:lib/data/services/websocket_service.dart
DA:12,0
DA:13,0
DA:15,0
DA:17,0
DA:19,0
DA:21,0
DA:22,0
DA:23,0
DA:24,0
DA:25,0
DA:26,0
DA:27,0
DA:28,0
DA:31,0
DA:32,0
DA:35,0
DA:36,0
DA:39,0
DA:40,0
DA:44,0
DA:46,0
DA:47,0
DA:54,0
DA:56,0
DA:57,0
DA:64,0
DA:66,0
DA:67,0
DA:73,0
DA:75,0
DA:79,0
DA:80,0
DA:82,0
DA:83,0
DA:84,0
DA:89,0
DA:90,0
DA:91,0
DA:92,0
DA:97,0
DA:98,0
DA:99,0
DA:100,0
DA:103,0
DA:104,0
DA:105,0
DA:106,0
LF:47
LH:0
end_of_record
SF:lib/presentation/providers/api_provider.dart
DA:6,6
DA:7,0
DA:8,0
LF:3
LH:1
end_of_record
SF:lib/presentation/providers/dio_provider.dart
DA:7,6
DA:8,0
DA:12,0
DA:19,0
DA:20,0
DA:22,0
LF:6
LH:1
end_of_record
SF:lib/presentation/providers/websocket_provider.dart
DA:5,6
DA:6,0
DA:9,0
DA:12,0
DA:13,0
DA:19,3
DA:20,0
DA:21,0
DA:24,4
DA:25,1
DA:31,3
DA:32,1
DA:35,1
DA:36,3
DA:38,2
DA:39,0
DA:40,0
DA:41,0
DA:46,0
DA:47,0
DA:48,0
DA:53,0
DA:54,0
DA:55,0
DA:56,0
DA:59,0
DA:60,0
DA:63,0
DA:64,0
DA:67,0
DA:68,0
DA:69,0
DA:72,0
DA:73,0
DA:74,0
DA:76,0
DA:77,0
LF:37
LH:9
end_of_record
SF:lib/presentation/widgets/progress_indicator_widget.dart
DA:13,2
DA:20,1
DA:22,2
DA:23,2
DA:25,1
DA:26,1
DA:28,1
DA:30,1
DA:32,1
DA:34,1
DA:35,1
DA:37,3
DA:39,1
DA:41,1
DA:42,1
DA:43,3
DA:45,1
DA:47,1
DA:58,2
DA:59,3
DA:60,1
DA:61,1
DA:69,1
DA:70,1
DA:71,1
DA:77,1
DA:82,1
DA:87,1
DA:92,1
DA:99,1
DA:101,1
DA:104,1
DA:109,0
DA:113,1
DA:120,2
DA:121,5
DA:124,1
DA:126,1
DA:128,1
DA:130,1
DA:131,1
DA:132,2
DA:134,2
DA:136,2
DA:142,1
DA:144,1
DA:145,1
DA:146,5
DA:147,3
DA:149,1
DA:150,3
DA:151,4
DA:160,2
DA:161,1
DA:162,1
DA:163,1
DA:165,2
DA:170,1
DA:172,2
DA:177,1
DA:179,6
DA:188,4
DA:189,1
DA:191,3
DA:194,1
DA:195,1
DA:196,4
DA:206,1
DA:209,3
DA:211,2
DA:218,1
DA:219,1
DA:234,0
DA:235,0
DA:236,0
DA:238,0
DA:239,0
DA:243,0
DA:247,1
DA:248,1
DA:249,1
DA:250,1
DA:251,1
DA:262,1
DA:263,1
DA:264,3
DA:265,3
DA:267,1
DA:269,1
DA:270,1
DA:271,2
DA:273,1
DA:274,2
DA:276,2
DA:277,3
DA:283,1
DA:284,2
DA:286,1
DA:288,1
DA:289,1
DA:291,4
DA:296,3
DA:298,1
DA:299,1
DA:300,1
DA:301,2
DA:303,2
DA:307,2
DA:309,2
DA:314,1
DA:315,1
DA:316,3
DA:317,3
DA:324,1
DA:325,2
DA:326,0
DA:328,0
DA:329,0
DA:330,0
DA:340,1
DA:341,2
DA:342,0
DA:343,2
DA:344,4
DA:346,2
LF:125
LH:113
end_of_record
SF:lib/core/constants/api_endpoints.dart
DA:11,0
DA:12,0
DA:16,0
DA:20,0
DA:21,0
LF:5
LH:0
end_of_record
SF:lib/data/repositories/auth_repository.dart
DA:12,0
DA:13,0
DA:16,0
DA:19,0
DA:20,0
DA:23,0
DA:24,0
DA:26,0
DA:31,0
DA:33,0
DA:37,0
DA:39,0
DA:41,0
DA:44,0
DA:46,0
DA:50,0
DA:52,0
LF:17
LH:0
end_of_record
SF:lib/data/services/auth_interceptor.dart
DA:9,0
DA:11,0
DA:13,0
DA:15,0
DA:16,0
DA:17,0
DA:21,0
DA:24,0
DA:26,0
DA:27,0
DA:28,0
DA:33,0
DA:34,0
DA:37,0
DA:43,0
DA:46,0
DA:49,0
DA:50,0
DA:51,0
DA:53,0
DA:54,0
DA:55,0
DA:56,0
DA:57,0
DA:61,0
DA:62,0
DA:63,0
DA:64,0
DA:67,0
DA:68,0
DA:69,0
DA:70,0
LF:32
LH:0
end_of_record
SF:lib/presentation/providers/auth_provider.dart
DA:6,0
DA:7,0
DA:10,0
DA:11,0
DA:18,0
DA:19,0
DA:22,0
DA:24,0
DA:25,0
DA:29,0
DA:31,0
DA:34,0
DA:38,0
DA:39,0
DA:41,0
DA:42,0
DA:45,0
DA:48,0
DA:50,0
DA:54,0
DA:55,0
DA:59,0
DA:60,0
DA:62,0
DA:69,0
DA:71,0
DA:72,0
DA:74,0
DA:75,0
DA:77,0
DA:79,0
LF:31
LH:0
end_of_record
SF:lib/presentation/providers/email_provider.dart
DA:5,4
DA:6,1
DA:12,2
DA:14,1
DA:15,1
DA:18,3
DA:19,2
DA:20,2
DA:22,0
DA:26,0
DA:27,0
LF:11
LH:8
end_of_record
SF:lib/presentation/widgets/email_filter_form.dart
DA:8,1
DA:10,1
DA:11,1
DA:20,1
DA:22,1
DA:23,2
DA:24,3
DA:27,1
DA:29,2
DA:30,2
DA:31,1
DA:34,1
DA:35,1
DA:37,1
DA:38,1
DA:39,1
DA:43,2
DA:45,1
DA:47,0
DA:53,1
DA:54,1
DA:55,1
DA:56,1
DA:57,7
DA:58,7
DA:61,5
DA:64,1
DA:66,3
DA:67,1
DA:69,1
DA:71,1
DA:72,1
DA:74,3
DA:79,1
DA:80,1
DA:81,1
DA:82,1
DA:83,1
DA:85,3
DA:87,2
DA:92,1
DA:93,1
DA:94,1
DA:96,3
DA:98,0
DA:107,1
DA:108,1
DA:119,1
DA:120,1
DA:131,1
DA:133,1
DA:134,1
DA:141,2
DA:142,2
DA:146,2
DA:148,1
DA:149,3
DA:150,1
DA:152,1
DA:153,1
DA:154,1
DA:156,3
DA:159,1
DA:160,1
DA:161,2
DA:162,1
DA:163,3
DA:173,2
DA:175,1
DA:176,3
DA:177,1
DA:179,1
DA:180,1
DA:181,1
DA:183,3
DA:186,1
DA:187,3
DA:188,1
DA:189,3
LF:79
LH:77
end_of_record
